# JRE version: Java(TM) SE Runtime Environment (21.0.1+12) (build 21.0.1+12-LTS-29)
# Java VM: Java HotSpot(TM) 64-Bit Server VM (21.0.1+12-LTS-29, mixed mode, emulated-client, sharing, tiered, compressed oops, compressed class ptrs, g1 gc, linux-amd64)
GC Precious Log:
 CardTable entry size: 512
 Card Set container configuration: InlinePtr #cards 4 size 8 Array Of Cards #cards 16 size 48 Howl #buckets 8 coarsen threshold 3686 Howl Bitmap #cards 512 size 80 coarsen threshold 460 Card regions per heap region 1 cards per card region 4096
 CPUs: 4 total, 4 available
 Memory: 15885M
 Large Page Support: Disabled
 NUMA Support: Disabled
 Compressed Oops: Enabled (Zero based)
 Heap Region Size: 2M
 Heap Min Capacity: 8M
 Heap Initial Capacity: 250M
 Heap Max Capacity: 3972M
 Pre-touch: Disabled
 Parallel Workers: 4
 Concurrent Workers: 1
 Concurrent Refinement Workers: 4
 Periodic GC: Disabled
Heap:
 garbage-first heap   total 81920K, used 71494K [0x0000000707c00000, 0x0000000800000000)
  region size 2048K, 21 young (43008K), 1 survivors (2048K)
 Metaspace       used 77396K, committed 78336K, reserved 1179648K
  class space    used 10724K, committed 11136K, reserved 1048576K
GC Heap History (20 events):
Event: 1699.763 GC heap after
{Heap after GC invocations=30 (full 2):
 garbage-first heap   total 96256K, used 25604K [0x0000000707c00000, 0x0000000800000000)
  region size 2048K, 0 young (0K), 0 survivors (0K)
 Metaspace       used 76562K, committed 77376K, reserved 1179648K
  class space    used 10597K, committed 10944K, reserved 1048576K
}
Event: 1700.694 GC heap before
{Heap before GC invocations=30 (full 2):
 garbage-first heap   total 96256K, used 78852K [0x0000000707c00000, 0x0000000800000000)
  region size 2048K, 26 young (53248K), 0 survivors (0K)
 Metaspace       used 76883K, committed 77696K, reserved 1179648K
  class space    used 10652K, committed 11008K, reserved 1048576K
}
Event: 1700.702 GC heap after
{Heap after GC invocations=31 (full 2):
 garbage-first heap   total 96256K, used 31545K [0x0000000707c00000, 0x0000000800000000)
  region size 2048K, 3 young (6144K), 3 survivors (6144K)
 Metaspace       used 76883K, committed 77696K, reserved 1179648K
  class space    used 10652K, committed 11008K, reserved 1048576K
}
Event: 1701.258 GC heap before
{Heap before GC invocations=32 (full 2):
 garbage-first heap   total 96256K, used 76601K [0x0000000707c00000, 0x0000000800000000)
  region size 2048K, 26 young (53248K), 3 survivors (6144K)
 Metaspace       used 77063K, committed 77888K, reserved 1179648K
  class space    used 10678K, committed 11008K, reserved 1048576K
}
Event: 1701.269 GC heap after
{Heap after GC invocations=33 (full 2):
 garbage-first heap   total 98304K, used 38941K [0x0000000707c00000, 0x0000000800000000)
  region size 2048K, 4 young (8192K), 4 survivors (8192K)
 Metaspace       used 77063K, committed 77888K, reserved 1179648K
  class space    used 10678K, committed 11008K, reserved 1048576K
}
Event: 1701.371 GC heap before
{Heap before GC invocations=33 (full 2):
 garbage-first heap   total 98304K, used 75805K [0x0000000707c00000, 0x0000000800000000)
  region size 2048K, 23 young (47104K), 4 survivors (8192K)
 Metaspace       used 77063K, committed 77888K, reserved 1179648K
  class space    used 10678K, committed 11008K, reserved 1048576K
}
Event: 1701.380 GC heap after
{Heap after GC invocations=34 (full 2):
 garbage-first heap   total 98304K, used 39236K [0x0000000707c00000, 0x0000000800000000)
  region size 2048K, 3 young (6144K), 3 survivors (6144K)
 Metaspace       used 77063K, committed 77888K, reserved 1179648K
  class space    used 10678K, committed 11008K, reserved 1048576K
}
Event: 2035.579 GC heap before
{Heap before GC invocations=34 (full 2):
 garbage-first heap   total 98304K, used 76100K [0x0000000707c00000, 0x0000000800000000)
  region size 2048K, 22 young (45056K), 3 survivors (6144K)
 Metaspace       used 77083K, committed 77952K, reserved 1179648K
  class space    used 10681K, committed 11072K, reserved 1048576K
}
Event: 2035.583 GC heap after
{Heap after GC invocations=35 (full 2):
 garbage-first heap   total 98304K, used 37091K [0x0000000707c00000, 0x0000000800000000)
  region size 2048K, 1 young (2048K), 1 survivors (2048K)
 Metaspace       used 77083K, committed 77952K, reserved 1179648K
  class space    used 10681K, committed 11072K, reserved 1048576K
}
Event: 2175.606 GC heap before
{Heap before GC invocations=36 (full 2):
 garbage-first heap   total 98304K, used 41187K [0x0000000707c00000, 0x0000000800000000)
  region size 2048K, 4 young (8192K), 1 survivors (2048K)
 Metaspace       used 76856K, committed 77952K, reserved 1179648K
  class space    used 10622K, committed 11072K, reserved 1048576K
}
Event: 2175.660 GC heap after
{Heap after GC invocations=37 (full 3):
 garbage-first heap   total 81920K, used 23975K [0x0000000707c00000, 0x0000000800000000)
  region size 2048K, 0 young (0K), 0 survivors (0K)
 Metaspace       used 76842K, committed 77952K, reserved 1179648K
  class space    used 10619K, committed 11072K, reserved 1048576K
}
Event: 2176.344 GC heap before
{Heap before GC invocations=37 (full 3):
 garbage-first heap   total 81920K, used 69031K [0x0000000707c00000, 0x0000000800000000)
  region size 2048K, 22 young (45056K), 0 survivors (0K)
 Metaspace       used 77034K, committed 77952K, reserved 1179648K
  class space    used 10663K, committed 11072K, reserved 1048576K
}
Event: 2176.353 GC heap after
{Heap after GC invocations=38 (full 3):
 garbage-first heap   total 81920K, used 29205K [0x0000000707c00000, 0x0000000800000000)
  region size 2048K, 3 young (6144K), 3 survivors (6144K)
 Metaspace       used 77034K, committed 77952K, reserved 1179648K
  class space    used 10663K, committed 11072K, reserved 1048576K
}
Event: 2215.332 GC heap before
{Heap before GC invocations=39 (full 3):
 garbage-first heap   total 81920K, used 66069K [0x0000000707c00000, 0x0000000800000000)
  region size 2048K, 22 young (45056K), 3 survivors (6144K)
 Metaspace       used 77349K, committed 78144K, reserved 1179648K
  class space    used 10725K, committed 11072K, reserved 1048576K
}
Event: 2215.338 GC heap after
{Heap after GC invocations=40 (full 3):
 garbage-first heap   total 81920K, used 29432K [0x0000000707c00000, 0x0000000800000000)
  region size 2048K, 2 young (4096K), 2 survivors (4096K)
 Metaspace       used 77349K, committed 78144K, reserved 1179648K
  class space    used 10725K, committed 11072K, reserved 1048576K
}
Event: 2860.455 GC heap before
{Heap before GC invocations=40 (full 3):
 garbage-first heap   total 81920K, used 68344K [0x0000000707c00000, 0x0000000800000000)
  region size 2048K, 21 young (43008K), 2 survivors (4096K)
 Metaspace       used 77469K, committed 78336K, reserved 1179648K
  class space    used 10744K, committed 11136K, reserved 1048576K
}
Event: 2860.462 GC heap after
{Heap after GC invocations=41 (full 3):
 garbage-first heap   total 81920K, used 30802K [0x0000000707c00000, 0x0000000800000000)
  region size 2048K, 3 young (6144K), 3 survivors (6144K)
 Metaspace       used 77469K, committed 78336K, reserved 1179648K
  class space    used 10744K, committed 11136K, reserved 1048576K
}
Event: 4201.133 GC heap before
{Heap before GC invocations=41 (full 3):
 garbage-first heap   total 81920K, used 69714K [0x0000000707c00000, 0x0000000800000000)
  region size 2048K, 22 young (45056K), 3 survivors (6144K)
 Metaspace       used 77470K, committed 78336K, reserved 1179648K
  class space    used 10744K, committed 11136K, reserved 1048576K
}
Event: 4201.139 GC heap after
{Heap after GC invocations=42 (full 3):
 garbage-first heap   total 81920K, used 30534K [0x0000000707c00000, 0x0000000800000000)
  region size 2048K, 2 young (4096K), 2 survivors (4096K)
 Metaspace       used 77470K, committed 78336K, reserved 1179648K
  class space    used 10744K, committed 11136K, reserved 1048576K
}
Event: 5746.058 GC heap before
{Heap before GC invocations=43 (full 3):
 garbage-first heap   total 81920K, used 71494K [0x0000000707c00000, 0x0000000800000000)
  region size 2048K, 22 young (45056K), 2 survivors (4096K)
 Metaspace       used 77396K, committed 78336K, reserved 1179648K
  class space    used 10724K, committed 11136K, reserved 1048576K
}

